<?xml version="1.0" encoding="UTF-8"?>
<!-- Generated by org.testng.reporters.JUnitReportReporter -->
<testsuite hostname="DESKTOP-HOCPTKL" failures="0" tests="1" name="baselibrary.Baselibrary" time="4.287" errors="0" timestamp="2024-10-08T18:00:32 IST" skipped="0">
  <testcase classname="baselibrary.Baselibrary" name="lauch" time="4.287"/>
</testsuite> <!-- baselibrary.Baselibrary -->
